<?xml version="1.0" encoding="ASCII"?>
<execTraces:ExecTraces xmi:version="2.0" xmlns:xmi="http://www.omg.org/XMI" xmlns:xsi="http://www.w3.org/2001/XMLSchema-instance" xmlns:execTraces="http://www.queensu.cs/ca/kahani/ExecTraces">
  <Node id="1626776512" Parent="//@Node.0 //@Node.1 //@Node.3" Childs="//@Node.0 //@Node.1 //@Node.2 //@Node.3">
    <VarData name="cur_isDoorClosed">
      <value xsi:type="execTraces:BoolLiteral" bool="false"/>
    </VarData>
    <VarData name="cur_isTrainMoving">
      <value xsi:type="execTraces:BoolLiteral" bool="false"/>
    </VarData>
    <VarData name="cur_startStopping">
      <value xsi:type="execTraces:BoolLiteral" bool="false"/>
    </VarData>
    <VarData name="cur_isEmergency">
      <value xsi:type="execTraces:BoolLiteral" bool="false"/>
    </VarData>
  </Node>
  <Node id="-1471110319" level="1" Parent="//@Node.0 //@Node.1 //@Node.3 //@Node.6" Childs="//@Node.1 //@Node.0 //@Node.4">
    <VarData name="cur_isDoorClosed">
      <value xsi:type="execTraces:BoolLiteral" bool="false"/>
    </VarData>
    <VarData name="cur_isTrainMoving">
      <value xsi:type="execTraces:BoolLiteral" bool="false"/>
    </VarData>
    <VarData name="cur_startStopping">
      <value xsi:type="execTraces:BoolLiteral" bool="false"/>
    </VarData>
    <VarData name="cur_isEmergency">
      <value xsi:type="execTraces:BoolLiteral" bool="true"/>
    </VarData>
  </Node>
  <Node id="1849444981" level="1" Parent="//@Node.0 //@Node.2 //@Node.4 //@Node.5" Childs="//@Node.2 //@Node.4 //@Node.5">
    <VarData name="cur_isDoorClosed">
      <value xsi:type="execTraces:BoolLiteral" bool="false"/>
    </VarData>
    <VarData name="cur_isTrainMoving">
      <value xsi:type="execTraces:BoolLiteral" bool="false"/>
    </VarData>
    <VarData name="cur_startStopping">
      <value xsi:type="execTraces:BoolLiteral" bool="true"/>
    </VarData>
    <VarData name="cur_isEmergency">
      <value xsi:type="execTraces:BoolLiteral" bool="false"/>
    </VarData>
  </Node>
  <Node id="-1763736587" level="1" Parent="//@Node.0 //@Node.3 //@Node.6" Childs="//@Node.6 //@Node.0 //@Node.3 //@Node.1 //@Node.5">
    <VarData name="cur_isDoorClosed">
      <value xsi:type="execTraces:BoolLiteral" bool="true"/>
    </VarData>
    <VarData name="cur_isTrainMoving">
      <value xsi:type="execTraces:BoolLiteral" bool="false"/>
    </VarData>
    <VarData name="cur_startStopping">
      <value xsi:type="execTraces:BoolLiteral" bool="false"/>
    </VarData>
    <VarData name="cur_isEmergency">
      <value xsi:type="execTraces:BoolLiteral" bool="false"/>
    </VarData>
  </Node>
  <Node id="-217001476" level="2" Parent="//@Node.1 //@Node.2 //@Node.4 //@Node.5 //@Node.7" Childs="//@Node.4 //@Node.2">
    <VarData name="cur_isDoorClosed">
      <value xsi:type="execTraces:BoolLiteral" bool="false"/>
    </VarData>
    <VarData name="cur_isTrainMoving">
      <value xsi:type="execTraces:BoolLiteral" bool="false"/>
    </VarData>
    <VarData name="cur_startStopping">
      <value xsi:type="execTraces:BoolLiteral" bool="true"/>
    </VarData>
    <VarData name="cur_isEmergency">
      <value xsi:type="execTraces:BoolLiteral" bool="true"/>
    </VarData>
  </Node>
  <Node id="-1169420384" level="2" Parent="//@Node.2 //@Node.3 //@Node.5 //@Node.7" Childs="//@Node.7 //@Node.2 //@Node.5 //@Node.4">
    <VarData name="cur_isDoorClosed">
      <value xsi:type="execTraces:BoolLiteral" bool="true"/>
    </VarData>
    <VarData name="cur_isTrainMoving">
      <value xsi:type="execTraces:BoolLiteral" bool="false"/>
    </VarData>
    <VarData name="cur_startStopping">
      <value xsi:type="execTraces:BoolLiteral" bool="true"/>
    </VarData>
    <VarData name="cur_isEmergency">
      <value xsi:type="execTraces:BoolLiteral" bool="false"/>
    </VarData>
  </Node>
  <Node id="637484796" level="2" Parent="//@Node.3 //@Node.6" Childs="//@Node.6 //@Node.3 //@Node.1 //@Node.7">
    <VarData name="cur_isDoorClosed">
      <value xsi:type="execTraces:BoolLiteral" bool="true"/>
    </VarData>
    <VarData name="cur_isTrainMoving">
      <value xsi:type="execTraces:BoolLiteral" bool="true"/>
    </VarData>
    <VarData name="cur_startStopping">
      <value xsi:type="execTraces:BoolLiteral" bool="false"/>
    </VarData>
    <VarData name="cur_isEmergency">
      <value xsi:type="execTraces:BoolLiteral" bool="false"/>
    </VarData>
  </Node>
  <Node id="1817532345" level="3" Parent="//@Node.5 //@Node.6 //@Node.7" Childs="//@Node.7 //@Node.5 //@Node.4">
    <VarData name="cur_isDoorClosed">
      <value xsi:type="execTraces:BoolLiteral" bool="true"/>
    </VarData>
    <VarData name="cur_isTrainMoving">
      <value xsi:type="execTraces:BoolLiteral" bool="true"/>
    </VarData>
    <VarData name="cur_startStopping">
      <value xsi:type="execTraces:BoolLiteral" bool="true"/>
    </VarData>
    <VarData name="cur_isEmergency">
      <value xsi:type="execTraces:BoolLiteral" bool="false"/>
    </VarData>
  </Node>
  <Edge source="//@Node.0" destination="//@Node.0" trigger="moveTrainC" status="Error"/>
  <Edge source="//@Node.0" destination="//@Node.0" trigger="openDoorC" status="NoEffect"/>
  <Edge source="//@Node.0" destination="//@Node.0" trigger="stopAck" status="NoEffect"/>
  <Edge source="//@Node.0" destination="//@Node.0" trigger="emergencyReleased" status="NoEffect"/>
  <Edge source="//@Node.0" destination="//@Node.0" trigger="stopTrainC" status="NoEffect"/>
  <Edge source="//@Node.0" destination="//@Node.1" trigger="emergencyPressed" actions="[set_cur_isEmergency_to_true]"/>
  <Edge source="//@Node.0" destination="//@Node.2" trigger="gps" actions="[send_stopTrain_to_Engine]"/>
  <Edge source="//@Node.0" destination="//@Node.3" trigger="closeDoorC" actions="[send_closeDoor_to_Door]"/>
  <Edge source="//@Node.1" destination="//@Node.1" trigger="moveTrainC" status="Error"/>
  <Edge source="//@Node.1" destination="//@Node.1" trigger="openDoorC" status="NoEffect"/>
  <Edge source="//@Node.1" destination="//@Node.1" trigger="stopAck" status="NoEffect"/>
  <Edge source="//@Node.1" destination="//@Node.0" trigger="emergencyReleased" actions="[set_cur_isEmergency_to_false]"/>
  <Edge source="//@Node.1" destination="//@Node.1" trigger="stopTrainC" status="NoEffect"/>
  <Edge source="//@Node.1" destination="//@Node.1" trigger="emergencyPressed" status="NoEffect"/>
  <Edge source="//@Node.1" destination="//@Node.4" trigger="gps" actions="[send_stopTrain_to_Engine]"/>
  <Edge source="//@Node.1" destination="//@Node.1" trigger="closeDoorC" status="Error"/>
  <Edge source="//@Node.2" destination="//@Node.2" trigger="moveTrainC" status="Error"/>
  <Edge source="//@Node.2" destination="//@Node.2" trigger="openDoorC" status="NoEffect"/>
  <Edge source="//@Node.2" destination="//@Node.2" trigger="stopAck" status="NoEffect"/>
  <Edge source="//@Node.2" destination="//@Node.2" trigger="emergencyReleased" status="NoEffect"/>
  <Edge source="//@Node.2" destination="//@Node.2" trigger="stopTrainC" status="NoEffect"/>
  <Edge source="//@Node.2" destination="//@Node.4" trigger="emergencyPressed" actions="[set_cur_isEmergency_to_true]"/>
  <Edge source="//@Node.2" destination="//@Node.2" trigger="gps" status="NoEffect"/>
  <Edge source="//@Node.2" destination="//@Node.5" trigger="closeDoorC" actions="[send_closeDoor_to_Door]"/>
  <Edge source="//@Node.3" destination="//@Node.6" trigger="moveTrainC" actions="[send_moveTrain_to_Engine]"/>
  <Edge source="//@Node.3" destination="//@Node.0" trigger="openDoorC" actions="[send_openDoor_to_Door]"/>
  <Edge source="//@Node.3" destination="//@Node.3" trigger="stopAck" status="NoEffect"/>
  <Edge source="//@Node.3" destination="//@Node.3" trigger="emergencyReleased" status="NoEffect"/>
  <Edge source="//@Node.3" destination="//@Node.3" trigger="stopTrainC" status="NoEffect"/>
  <Edge source="//@Node.3" destination="//@Node.1" trigger="emergencyPressed" actions="[set_cur_isEmergency_to_true, send_openDoor_to_Door]"/>
  <Edge source="//@Node.3" destination="//@Node.5" trigger="gps" actions="[send_stopTrain_to_Engine]"/>
  <Edge source="//@Node.3" destination="//@Node.3" trigger="closeDoorC" status="NoEffect"/>
  <Edge source="//@Node.4" destination="//@Node.4" trigger="moveTrainC" status="Error"/>
  <Edge source="//@Node.4" destination="//@Node.4" trigger="openDoorC" status="NoEffect"/>
  <Edge source="//@Node.4" destination="//@Node.4" trigger="stopAck" status="NoEffect"/>
  <Edge source="//@Node.4" destination="//@Node.2" trigger="emergencyReleased" actions="[set_cur_isEmergency_to_false]"/>
  <Edge source="//@Node.4" destination="//@Node.4" trigger="stopTrainC" status="NoEffect"/>
  <Edge source="//@Node.4" destination="//@Node.4" trigger="emergencyPressed" status="NoEffect"/>
  <Edge source="//@Node.4" destination="//@Node.4" trigger="gps" status="NoEffect"/>
  <Edge source="//@Node.4" destination="//@Node.4" trigger="closeDoorC" status="Error"/>
  <Edge source="//@Node.5" destination="//@Node.7" trigger="moveTrainC" actions="[send_moveTrain_to_Engine]"/>
  <Edge source="//@Node.5" destination="//@Node.2" trigger="openDoorC" actions="[send_openDoor_to_Door]"/>
  <Edge source="//@Node.5" destination="//@Node.5" trigger="stopAck" status="NoEffect"/>
  <Edge source="//@Node.5" destination="//@Node.5" trigger="emergencyReleased" status="NoEffect"/>
  <Edge source="//@Node.5" destination="//@Node.5" trigger="stopTrainC" status="NoEffect"/>
  <Edge source="//@Node.5" destination="//@Node.4" trigger="emergencyPressed" actions="[set_cur_isEmergency_to_true, send_openDoor_to_Door]"/>
  <Edge source="//@Node.5" destination="//@Node.5" trigger="gps" status="NoEffect"/>
  <Edge source="//@Node.5" destination="//@Node.5" trigger="closeDoorC" status="NoEffect"/>
  <Edge source="//@Node.6" destination="//@Node.6" trigger="moveTrainC" status="NoEffect"/>
  <Edge source="//@Node.6" destination="//@Node.6" trigger="openDoorC" status="Error"/>
  <Edge source="//@Node.6" destination="//@Node.3" trigger="stopAck" actions=""/>
  <Edge source="//@Node.6" destination="//@Node.6" trigger="emergencyReleased" status="NoEffect"/>
  <Edge source="//@Node.6" destination="//@Node.3" trigger="stopTrainC" actions=""/>
  <Edge source="//@Node.6" destination="//@Node.1" trigger="emergencyPressed" actions=""/>
  <Edge source="//@Node.6" destination="//@Node.7" trigger="gps" actions="[send_stopTrain_to_Engine]"/>
  <Edge source="//@Node.6" destination="//@Node.6" trigger="closeDoorC" status="NoEffect"/>
  <Edge source="//@Node.7" destination="//@Node.7" trigger="moveTrainC" status="NoEffect"/>
  <Edge source="//@Node.7" destination="//@Node.7" trigger="openDoorC" status="Error"/>
  <Edge source="//@Node.7" destination="//@Node.5" trigger="stopAck" actions=""/>
  <Edge source="//@Node.7" destination="//@Node.7" trigger="emergencyReleased" status="NoEffect"/>
  <Edge source="//@Node.7" destination="//@Node.5" trigger="stopTrainC" actions=""/>
  <Edge source="//@Node.7" destination="//@Node.4" trigger="emergencyPressed" actions=""/>
  <Edge source="//@Node.7" destination="//@Node.7" trigger="gps" status="NoEffect"/>
  <Edge source="//@Node.7" destination="//@Node.7" trigger="closeDoorC" status="NoEffect"/>
</execTraces:ExecTraces>
