<?xml version="1.0" encoding="ASCII"?>
<execTraces:ExecTraces xmi:version="2.0" xmlns:xmi="http://www.omg.org/XMI" xmlns:xsi="http://www.w3.org/2001/XMLSchema-instance" xmlns:execTraces="http://www.queensu.cs/ca/kahani/ExecTraces">
  <Node id="982397344">
    <VarData name="cur_isCardReading">
      <value xsi:type="execTraces:BoolLiteral" bool="false"/>
    </VarData>
    <VarData name="cur_isPinReading">
      <value xsi:type="execTraces:BoolLiteral" bool="false"/>
    </VarData>
    <VarData name="cur_isAuhorizing">
      <value xsi:type="execTraces:BoolLiteral" bool="false"/>
    </VarData>
    <VarData name="cur_isCashDepositing">
      <value xsi:type="execTraces:BoolLiteral" bool="false"/>
    </VarData>
    <VarData name="cur_isCaptuerCard">
      <value xsi:type="execTraces:BoolLiteral" bool="false"/>
    </VarData>
    <VarData name="cur_cardInserted">
      <value xsi:type="execTraces:BoolLiteral" bool="false"/>
    </VarData>
  </Node>
</execTraces:ExecTraces>
