<?xml version="1.0" encoding="ASCII"?>
<execTraces:ExecTraces xmi:version="2.0" xmlns:xmi="http://www.omg.org/XMI" xmlns:xsi="http://www.w3.org/2001/XMLSchema-instance" xmlns:execTraces="http://www.queensu.cs/ca/kahani/ExecTraces">
  <Node id="1506432480">
    <VarData name="cur_milliSecond">
      <value xsi:type="execTraces:IntLiteral"/>
    </VarData>
    <VarData name="cur_second">
      <value xsi:type="execTraces:IntLiteral"/>
    </VarData>
    <VarData name="cur_minute">
      <value xsi:type="execTraces:IntLiteral"/>
    </VarData>
    <VarData name="cur_hour">
      <value xsi:type="execTraces:IntLiteral"/>
    </VarData>
    <VarData name="cur_stopwatchCounter">
      <value xsi:type="execTraces:IntLiteral"/>
    </VarData>
    <VarData name="cur_watchMode">
      <value xsi:type="execTraces:IntLiteral"/>
    </VarData>
    <VarData name="cur_epochSecond">
      <value xsi:type="execTraces:IntLiteral"/>
    </VarData>
    <VarData name="cur_displayMode">
      <value xsi:type="execTraces:IntLiteral"/>
    </VarData>
    <VarData name="cur_hourAdjust">
      <value xsi:type="execTraces:BoolLiteral" bool="false"/>
    </VarData>
    <VarData name="cur_minuteAdjust">
      <value xsi:type="execTraces:BoolLiteral" bool="false"/>
    </VarData>
  </Node>
</execTraces:ExecTraces>
