<?xml version="1.0" encoding="ASCII"?>
<execTraces:ExecTraces xmi:version="2.0" xmlns:xmi="http://www.omg.org/XMI" xmlns:xsi="http://www.w3.org/2001/XMLSchema-instance" xmlns:execTraces="http://www.queensu.cs/ca/kahani/ExecTraces">
  <Node id="-495260797" Parent="//@Node.1" Childs="//@Node.1" outgoingEdges="//@Edge.0" incomingEdges="//@Edge.1">
    <VarData name="cur_pumpOn">
      <value xsi:type="execTraces:BoolLiteral" bool="false"/>
    </VarData>
    <VarData name="cur_alarm">
      <value xsi:type="execTraces:BoolLiteral" bool="false"/>
    </VarData>
    <VarData name="cur_ciriticalMethanLevel">
      <value xsi:type="execTraces:BoolLiteral" bool="false"/>
    </VarData>
    <VarData name="cur_ciriticalAirflow">
      <value xsi:type="execTraces:BoolLiteral" bool="false"/>
    </VarData>
    <VarData name="cur_ciriticalMonoxcideLevel">
      <value xsi:type="execTraces:BoolLiteral" bool="false"/>
    </VarData>
    <VarData name="cur_isWaterLow">
      <value xsi:type="execTraces:BoolLiteral" bool="false"/>
    </VarData>
    <VarData name="cur_isWaterHigh">
      <value xsi:type="execTraces:BoolLiteral" bool="false"/>
    </VarData>
  </Node>
  <Node id="1152061778" level="1" Parent="//@Node.0" Childs="//@Node.0" outgoingEdges="//@Edge.1" incomingEdges="//@Edge.0">
    <VarData name="cur_pumpOn">
      <value xsi:type="execTraces:BoolLiteral" bool="false"/>
    </VarData>
    <VarData name="cur_alarm">
      <value xsi:type="execTraces:BoolLiteral" bool="true"/>
    </VarData>
    <VarData name="cur_ciriticalMethanLevel">
      <value xsi:type="execTraces:BoolLiteral" bool="false"/>
    </VarData>
    <VarData name="cur_ciriticalAirflow">
      <value xsi:type="execTraces:BoolLiteral" bool="false"/>
    </VarData>
    <VarData name="cur_ciriticalMonoxcideLevel">
      <value xsi:type="execTraces:BoolLiteral" bool="false"/>
    </VarData>
    <VarData name="cur_isWaterLow">
      <value xsi:type="execTraces:BoolLiteral" bool="false"/>
    </VarData>
    <VarData name="cur_isWaterHigh">
      <value xsi:type="execTraces:BoolLiteral" bool="false"/>
    </VarData>
  </Node>
  <Edge source="//@Node.0" destination="//@Node.1" trigger="alarmOn" actions="[set_cur_alarm_to_true]"/>
  <Edge source="//@Node.1" destination="//@Node.0" trigger="alarmOff" actions="[set_cur_alarm_to_false]"/>
</execTraces:ExecTraces>
