<?xml version="1.0" encoding="ASCII"?>
<execTraces:ExecTraces xmi:version="2.0" xmlns:xmi="http://www.omg.org/XMI" xmlns:xsi="http://www.w3.org/2001/XMLSchema-instance" xmlns:execTraces="http://www.queensu.cs/ca/kahani/ExecTraces">
  <Node id="2028534475" Parent="//@Node.0 //@Node.1 //@Node.2" Childs="//@Node.0 //@Node.1 //@Node.2">
    <VarData name="cur_isDoorClosed">
      <value xsi:type="execTraces:BoolLiteral" bool="false"/>
    </VarData>
    <VarData name="cur_isTrainMoving">
      <value xsi:type="execTraces:BoolLiteral" bool="false"/>
    </VarData>
    <VarData name="cur_isEmergency">
      <value xsi:type="execTraces:BoolLiteral" bool="false"/>
    </VarData>
  </Node>
  <Node id="2028534453" level="1" Parent="//@Node.0 //@Node.1 //@Node.2 //@Node.3" Childs="//@Node.1 //@Node.0">
    <VarData name="cur_isDoorClosed">
      <value xsi:type="execTraces:BoolLiteral" bool="false"/>
    </VarData>
    <VarData name="cur_isTrainMoving">
      <value xsi:type="execTraces:BoolLiteral" bool="false"/>
    </VarData>
    <VarData name="cur_isEmergency">
      <value xsi:type="execTraces:BoolLiteral" bool="true"/>
    </VarData>
  </Node>
  <Node id="2028534465" level="1" Parent="//@Node.0 //@Node.2 //@Node.3" Childs="//@Node.3 //@Node.0 //@Node.2 //@Node.1">
    <VarData name="cur_isDoorClosed">
      <value xsi:type="execTraces:BoolLiteral" bool="true"/>
    </VarData>
    <VarData name="cur_isTrainMoving">
      <value xsi:type="execTraces:BoolLiteral" bool="false"/>
    </VarData>
    <VarData name="cur_isEmergency">
      <value xsi:type="execTraces:BoolLiteral" bool="false"/>
    </VarData>
  </Node>
  <Node id="2028534443" level="2" Parent="//@Node.2 //@Node.3" Childs="//@Node.3 //@Node.2 //@Node.1">
    <VarData name="cur_isDoorClosed">
      <value xsi:type="execTraces:BoolLiteral" bool="true"/>
    </VarData>
    <VarData name="cur_isTrainMoving">
      <value xsi:type="execTraces:BoolLiteral" bool="true"/>
    </VarData>
    <VarData name="cur_isEmergency">
      <value xsi:type="execTraces:BoolLiteral" bool="false"/>
    </VarData>
  </Node>
  <Edge source="//@Node.0" destination="//@Node.0" trigger="moveTrainC" status="Error"/>
  <Edge source="//@Node.0" destination="//@Node.0" trigger="openDoorC" status="NoEffect"/>
  <Edge source="//@Node.0" destination="//@Node.0" trigger="emergencyReleased" status="NoEffect"/>
  <Edge source="//@Node.0" destination="//@Node.0" trigger="stopTrainC" status="NoEffect"/>
  <Edge source="//@Node.0" destination="//@Node.1" trigger="emergencyPressed" actions="[set_cur_isEmergency_to_true]"/>
  <Edge source="//@Node.0" destination="//@Node.0" trigger="gps" status="NoEffect"/>
  <Edge source="//@Node.0" destination="//@Node.2" trigger="closeDoorC" actions="[send_closeDoor_to_Door]"/>
  <Edge source="//@Node.1" destination="//@Node.1" trigger="moveTrainC" status="Error"/>
  <Edge source="//@Node.1" destination="//@Node.1" trigger="openDoorC" status="NoEffect"/>
  <Edge source="//@Node.1" destination="//@Node.0" trigger="emergencyReleased" actions="[set_cur_isEmergency_to_false]"/>
  <Edge source="//@Node.1" destination="//@Node.1" trigger="stopTrainC" status="NoEffect"/>
  <Edge source="//@Node.1" destination="//@Node.1" trigger="emergencyPressed" status="NoEffect"/>
  <Edge source="//@Node.1" destination="//@Node.1" trigger="gps" status="NoEffect"/>
  <Edge source="//@Node.1" destination="//@Node.1" trigger="closeDoorC" status="Error"/>
  <Edge source="//@Node.2" destination="//@Node.3" trigger="moveTrainC" actions="[send_moveTrain_to_Engine]"/>
  <Edge source="//@Node.2" destination="//@Node.0" trigger="openDoorC" actions="[send_openDoor_to_Door]"/>
  <Edge source="//@Node.2" destination="//@Node.2" trigger="emergencyReleased" status="NoEffect"/>
  <Edge source="//@Node.2" destination="//@Node.2" trigger="stopTrainC" status="NoEffect"/>
  <Edge source="//@Node.2" destination="//@Node.1" trigger="emergencyPressed" actions="[set_cur_isEmergency_to_true, send_openDoor_to_Door]"/>
  <Edge source="//@Node.2" destination="//@Node.2" trigger="gps" status="NoEffect"/>
  <Edge source="//@Node.2" destination="//@Node.2" trigger="closeDoorC" status="NoEffect"/>
  <Edge source="//@Node.3" destination="//@Node.3" trigger="moveTrainC" status="NoEffect"/>
  <Edge source="//@Node.3" destination="//@Node.3" trigger="openDoorC" status="Error"/>
  <Edge source="//@Node.3" destination="//@Node.3" trigger="emergencyReleased" status="NoEffect"/>
  <Edge source="//@Node.3" destination="//@Node.2" trigger="stopTrainC" actions="[send_stopTrain_to_Engine]"/>
  <Edge source="//@Node.3" destination="//@Node.1" trigger="emergencyPressed" actions="[set_cur_isEmergency_to_true, send_stopTrain_to_Engine, send_openDoor_to_Door]"/>
  <Edge source="//@Node.3" destination="//@Node.2" trigger="gps" actions="[send_stopTrain_to_Engine]"/>
  <Edge source="//@Node.3" destination="//@Node.3" trigger="closeDoorC" status="NoEffect"/>
</execTraces:ExecTraces>
