<?xml version="1.0" encoding="ASCII"?>
<execTraces:ExecTraces xmi:version="2.0" xmlns:xmi="http://www.omg.org/XMI" xmlns:xsi="http://www.w3.org/2001/XMLSchema-instance" xmlns:execTraces="http://www.queensu.cs/ca/kahani/ExecTraces">
  <Node id="982397344" Childs="//@Node.1 //@Node.2 //@Node.3 //@Node.4" outgoingEdges="//@Edge.0 //@Edge.1 //@Edge.2 //@Edge.3">
    <VarData name="cur_isCardReading">
      <value xsi:type="execTraces:BoolLiteral" bool="false"/>
    </VarData>
    <VarData name="cur_isPinReading">
      <value xsi:type="execTraces:BoolLiteral" bool="false"/>
    </VarData>
    <VarData name="cur_isAuhorizing">
      <value xsi:type="execTraces:BoolLiteral" bool="false"/>
    </VarData>
    <VarData name="cur_isCashDepositing">
      <value xsi:type="execTraces:BoolLiteral" bool="false"/>
    </VarData>
    <VarData name="cur_isCaptuerCard">
      <value xsi:type="execTraces:BoolLiteral" bool="false"/>
    </VarData>
    <VarData name="cur_cardInserted">
      <value xsi:type="execTraces:BoolLiteral" bool="false"/>
    </VarData>
  </Node>
  <Node id="-299669903" level="1" Parent="//@Node.0" Childs="//@Node.5 //@Node.6 //@Node.7" outgoingEdges="//@Edge.4 //@Edge.5 //@Edge.6" incomingEdges="//@Edge.0">
    <VarData name="cur_isCardReading">
      <value xsi:type="execTraces:BoolLiteral" bool="false"/>
    </VarData>
    <VarData name="cur_isPinReading">
      <value xsi:type="execTraces:BoolLiteral" bool="true"/>
    </VarData>
    <VarData name="cur_isAuhorizing">
      <value xsi:type="execTraces:BoolLiteral" bool="false"/>
    </VarData>
    <VarData name="cur_isCashDepositing">
      <value xsi:type="execTraces:BoolLiteral" bool="false"/>
    </VarData>
    <VarData name="cur_isCaptuerCard">
      <value xsi:type="execTraces:BoolLiteral" bool="false"/>
    </VarData>
    <VarData name="cur_cardInserted">
      <value xsi:type="execTraces:BoolLiteral" bool="false"/>
    </VarData>
  </Node>
  <Node id="171880433" level="1" Parent="//@Node.0" Childs="//@Node.5 //@Node.8 //@Node.9" outgoingEdges="//@Edge.7 //@Edge.8 //@Edge.9" incomingEdges="//@Edge.1">
    <VarData name="cur_isCardReading">
      <value xsi:type="execTraces:BoolLiteral" bool="false"/>
    </VarData>
    <VarData name="cur_isPinReading">
      <value xsi:type="execTraces:BoolLiteral" bool="false"/>
    </VarData>
    <VarData name="cur_isAuhorizing">
      <value xsi:type="execTraces:BoolLiteral" bool="false"/>
    </VarData>
    <VarData name="cur_isCashDepositing">
      <value xsi:type="execTraces:BoolLiteral" bool="true"/>
    </VarData>
    <VarData name="cur_isCaptuerCard">
      <value xsi:type="execTraces:BoolLiteral" bool="false"/>
    </VarData>
    <VarData name="cur_cardInserted">
      <value xsi:type="execTraces:BoolLiteral" bool="false"/>
    </VarData>
  </Node>
  <Node id="-1635024747" level="1" Parent="//@Node.0" Childs="//@Node.6 //@Node.8 //@Node.10" outgoingEdges="//@Edge.10 //@Edge.11 //@Edge.12" incomingEdges="//@Edge.2">
    <VarData name="cur_isCardReading">
      <value xsi:type="execTraces:BoolLiteral" bool="false"/>
    </VarData>
    <VarData name="cur_isPinReading">
      <value xsi:type="execTraces:BoolLiteral" bool="false"/>
    </VarData>
    <VarData name="cur_isAuhorizing">
      <value xsi:type="execTraces:BoolLiteral" bool="false"/>
    </VarData>
    <VarData name="cur_isCashDepositing">
      <value xsi:type="execTraces:BoolLiteral" bool="false"/>
    </VarData>
    <VarData name="cur_isCaptuerCard">
      <value xsi:type="execTraces:BoolLiteral" bool="true"/>
    </VarData>
    <VarData name="cur_cardInserted">
      <value xsi:type="execTraces:BoolLiteral" bool="false"/>
    </VarData>
  </Node>
  <Node id="506991509" level="1" Parent="//@Node.0" Childs="//@Node.7 //@Node.9 //@Node.10" outgoingEdges="//@Edge.13 //@Edge.14 //@Edge.15" incomingEdges="//@Edge.3">
    <VarData name="cur_isCardReading">
      <value xsi:type="execTraces:BoolLiteral" bool="true"/>
    </VarData>
    <VarData name="cur_isPinReading">
      <value xsi:type="execTraces:BoolLiteral" bool="false"/>
    </VarData>
    <VarData name="cur_isAuhorizing">
      <value xsi:type="execTraces:BoolLiteral" bool="false"/>
    </VarData>
    <VarData name="cur_isCashDepositing">
      <value xsi:type="execTraces:BoolLiteral" bool="false"/>
    </VarData>
    <VarData name="cur_isCaptuerCard">
      <value xsi:type="execTraces:BoolLiteral" bool="false"/>
    </VarData>
    <VarData name="cur_cardInserted">
      <value xsi:type="execTraces:BoolLiteral" bool="false"/>
    </VarData>
  </Node>
  <Node id="-977855232" level="2" Parent="//@Node.1 //@Node.2" Childs="//@Node.11 //@Node.12" outgoingEdges="//@Edge.16 //@Edge.17" incomingEdges="//@Edge.4 //@Edge.7">
    <VarData name="cur_isCardReading">
      <value xsi:type="execTraces:BoolLiteral" bool="false"/>
    </VarData>
    <VarData name="cur_isPinReading">
      <value xsi:type="execTraces:BoolLiteral" bool="true"/>
    </VarData>
    <VarData name="cur_isAuhorizing">
      <value xsi:type="execTraces:BoolLiteral" bool="false"/>
    </VarData>
    <VarData name="cur_isCashDepositing">
      <value xsi:type="execTraces:BoolLiteral" bool="true"/>
    </VarData>
    <VarData name="cur_isCaptuerCard">
      <value xsi:type="execTraces:BoolLiteral" bool="false"/>
    </VarData>
    <VarData name="cur_cardInserted">
      <value xsi:type="execTraces:BoolLiteral" bool="false"/>
    </VarData>
  </Node>
  <Node id="1510206884" level="2" Parent="//@Node.1 //@Node.3" Childs="//@Node.11 //@Node.13" outgoingEdges="//@Edge.18 //@Edge.19" incomingEdges="//@Edge.5 //@Edge.10">
    <VarData name="cur_isCardReading">
      <value xsi:type="execTraces:BoolLiteral" bool="false"/>
    </VarData>
    <VarData name="cur_isPinReading">
      <value xsi:type="execTraces:BoolLiteral" bool="true"/>
    </VarData>
    <VarData name="cur_isAuhorizing">
      <value xsi:type="execTraces:BoolLiteral" bool="false"/>
    </VarData>
    <VarData name="cur_isCashDepositing">
      <value xsi:type="execTraces:BoolLiteral" bool="false"/>
    </VarData>
    <VarData name="cur_isCaptuerCard">
      <value xsi:type="execTraces:BoolLiteral" bool="true"/>
    </VarData>
    <VarData name="cur_cardInserted">
      <value xsi:type="execTraces:BoolLiteral" bool="false"/>
    </VarData>
  </Node>
  <Node id="-1284836900" level="2" Parent="//@Node.1 //@Node.4" Childs="//@Node.12 //@Node.13" outgoingEdges="//@Edge.20 //@Edge.21" incomingEdges="//@Edge.6 //@Edge.13">
    <VarData name="cur_isCardReading">
      <value xsi:type="execTraces:BoolLiteral" bool="true"/>
    </VarData>
    <VarData name="cur_isPinReading">
      <value xsi:type="execTraces:BoolLiteral" bool="true"/>
    </VarData>
    <VarData name="cur_isAuhorizing">
      <value xsi:type="execTraces:BoolLiteral" bool="false"/>
    </VarData>
    <VarData name="cur_isCashDepositing">
      <value xsi:type="execTraces:BoolLiteral" bool="false"/>
    </VarData>
    <VarData name="cur_isCaptuerCard">
      <value xsi:type="execTraces:BoolLiteral" bool="false"/>
    </VarData>
    <VarData name="cur_cardInserted">
      <value xsi:type="execTraces:BoolLiteral" bool="false"/>
    </VarData>
  </Node>
  <Node id="278492196" level="2" Parent="//@Node.2 //@Node.3" Childs="//@Node.11 //@Node.14" outgoingEdges="//@Edge.22 //@Edge.23" incomingEdges="//@Edge.8 //@Edge.11">
    <VarData name="cur_isCardReading">
      <value xsi:type="execTraces:BoolLiteral" bool="false"/>
    </VarData>
    <VarData name="cur_isPinReading">
      <value xsi:type="execTraces:BoolLiteral" bool="false"/>
    </VarData>
    <VarData name="cur_isAuhorizing">
      <value xsi:type="execTraces:BoolLiteral" bool="false"/>
    </VarData>
    <VarData name="cur_isCashDepositing">
      <value xsi:type="execTraces:BoolLiteral" bool="true"/>
    </VarData>
    <VarData name="cur_isCaptuerCard">
      <value xsi:type="execTraces:BoolLiteral" bool="true"/>
    </VarData>
    <VarData name="cur_cardInserted">
      <value xsi:type="execTraces:BoolLiteral" bool="false"/>
    </VarData>
  </Node>
  <Node id="-813286564" level="2" Parent="//@Node.2 //@Node.4" Childs="//@Node.12 //@Node.14" outgoingEdges="//@Edge.24 //@Edge.25" incomingEdges="//@Edge.9 //@Edge.14">
    <VarData name="cur_isCardReading">
      <value xsi:type="execTraces:BoolLiteral" bool="true"/>
    </VarData>
    <VarData name="cur_isPinReading">
      <value xsi:type="execTraces:BoolLiteral" bool="false"/>
    </VarData>
    <VarData name="cur_isAuhorizing">
      <value xsi:type="execTraces:BoolLiteral" bool="false"/>
    </VarData>
    <VarData name="cur_isCashDepositing">
      <value xsi:type="execTraces:BoolLiteral" bool="true"/>
    </VarData>
    <VarData name="cur_isCaptuerCard">
      <value xsi:type="execTraces:BoolLiteral" bool="false"/>
    </VarData>
    <VarData name="cur_cardInserted">
      <value xsi:type="execTraces:BoolLiteral" bool="false"/>
    </VarData>
  </Node>
  <Node id="1674775552" level="2" Parent="//@Node.3 //@Node.4" Childs="//@Node.13 //@Node.14" outgoingEdges="//@Edge.26 //@Edge.27" incomingEdges="//@Edge.12 //@Edge.15">
    <VarData name="cur_isCardReading">
      <value xsi:type="execTraces:BoolLiteral" bool="true"/>
    </VarData>
    <VarData name="cur_isPinReading">
      <value xsi:type="execTraces:BoolLiteral" bool="false"/>
    </VarData>
    <VarData name="cur_isAuhorizing">
      <value xsi:type="execTraces:BoolLiteral" bool="false"/>
    </VarData>
    <VarData name="cur_isCashDepositing">
      <value xsi:type="execTraces:BoolLiteral" bool="false"/>
    </VarData>
    <VarData name="cur_isCaptuerCard">
      <value xsi:type="execTraces:BoolLiteral" bool="true"/>
    </VarData>
    <VarData name="cur_cardInserted">
      <value xsi:type="execTraces:BoolLiteral" bool="false"/>
    </VarData>
  </Node>
  <Node id="518498613" level="3" Parent="//@Node.5 //@Node.6 //@Node.8" Childs="//@Node.15" outgoingEdges="//@Edge.28" incomingEdges="//@Edge.16 //@Edge.18 //@Edge.22">
    <VarData name="cur_isCardReading">
      <value xsi:type="execTraces:BoolLiteral" bool="false"/>
    </VarData>
    <VarData name="cur_isPinReading">
      <value xsi:type="execTraces:BoolLiteral" bool="true"/>
    </VarData>
    <VarData name="cur_isAuhorizing">
      <value xsi:type="execTraces:BoolLiteral" bool="false"/>
    </VarData>
    <VarData name="cur_isCashDepositing">
      <value xsi:type="execTraces:BoolLiteral" bool="true"/>
    </VarData>
    <VarData name="cur_isCaptuerCard">
      <value xsi:type="execTraces:BoolLiteral" bool="true"/>
    </VarData>
    <VarData name="cur_cardInserted">
      <value xsi:type="execTraces:BoolLiteral" bool="false"/>
    </VarData>
  </Node>
  <Node id="652933173" level="3" Parent="//@Node.5 //@Node.7 //@Node.9" Childs="//@Node.15" outgoingEdges="//@Edge.29" incomingEdges="//@Edge.17 //@Edge.20 //@Edge.24">
    <VarData name="cur_isCardReading">
      <value xsi:type="execTraces:BoolLiteral" bool="true"/>
    </VarData>
    <VarData name="cur_isPinReading">
      <value xsi:type="execTraces:BoolLiteral" bool="true"/>
    </VarData>
    <VarData name="cur_isAuhorizing">
      <value xsi:type="execTraces:BoolLiteral" bool="false"/>
    </VarData>
    <VarData name="cur_isCashDepositing">
      <value xsi:type="execTraces:BoolLiteral" bool="true"/>
    </VarData>
    <VarData name="cur_isCaptuerCard">
      <value xsi:type="execTraces:BoolLiteral" bool="false"/>
    </VarData>
    <VarData name="cur_cardInserted">
      <value xsi:type="execTraces:BoolLiteral" bool="false"/>
    </VarData>
  </Node>
  <Node id="-1153972007" level="3" Parent="//@Node.6 //@Node.7 //@Node.10" Childs="//@Node.15" outgoingEdges="//@Edge.30" incomingEdges="//@Edge.19 //@Edge.21 //@Edge.26">
    <VarData name="cur_isCardReading">
      <value xsi:type="execTraces:BoolLiteral" bool="true"/>
    </VarData>
    <VarData name="cur_isPinReading">
      <value xsi:type="execTraces:BoolLiteral" bool="true"/>
    </VarData>
    <VarData name="cur_isAuhorizing">
      <value xsi:type="execTraces:BoolLiteral" bool="false"/>
    </VarData>
    <VarData name="cur_isCashDepositing">
      <value xsi:type="execTraces:BoolLiteral" bool="false"/>
    </VarData>
    <VarData name="cur_isCaptuerCard">
      <value xsi:type="execTraces:BoolLiteral" bool="true"/>
    </VarData>
    <VarData name="cur_cardInserted">
      <value xsi:type="execTraces:BoolLiteral" bool="false"/>
    </VarData>
  </Node>
  <Node id="1909280601" level="3" Parent="//@Node.8 //@Node.9 //@Node.10" Childs="//@Node.15" outgoingEdges="//@Edge.31" incomingEdges="//@Edge.23 //@Edge.25 //@Edge.27">
    <VarData name="cur_isCardReading">
      <value xsi:type="execTraces:BoolLiteral" bool="true"/>
    </VarData>
    <VarData name="cur_isPinReading">
      <value xsi:type="execTraces:BoolLiteral" bool="false"/>
    </VarData>
    <VarData name="cur_isAuhorizing">
      <value xsi:type="execTraces:BoolLiteral" bool="false"/>
    </VarData>
    <VarData name="cur_isCashDepositing">
      <value xsi:type="execTraces:BoolLiteral" bool="true"/>
    </VarData>
    <VarData name="cur_isCaptuerCard">
      <value xsi:type="execTraces:BoolLiteral" bool="true"/>
    </VarData>
    <VarData name="cur_cardInserted">
      <value xsi:type="execTraces:BoolLiteral" bool="false"/>
    </VarData>
  </Node>
  <Node id="2095125344" level="4" Parent="//@Node.11 //@Node.12 //@Node.13 //@Node.14" incomingEdges="//@Edge.28 //@Edge.29 //@Edge.30 //@Edge.31">
    <VarData name="cur_isCardReading">
      <value xsi:type="execTraces:BoolLiteral" bool="true"/>
    </VarData>
    <VarData name="cur_isPinReading">
      <value xsi:type="execTraces:BoolLiteral" bool="true"/>
    </VarData>
    <VarData name="cur_isAuhorizing">
      <value xsi:type="execTraces:BoolLiteral" bool="false"/>
    </VarData>
    <VarData name="cur_isCashDepositing">
      <value xsi:type="execTraces:BoolLiteral" bool="true"/>
    </VarData>
    <VarData name="cur_isCaptuerCard">
      <value xsi:type="execTraces:BoolLiteral" bool="true"/>
    </VarData>
    <VarData name="cur_cardInserted">
      <value xsi:type="execTraces:BoolLiteral" bool="false"/>
    </VarData>
  </Node>
  <Edge source="//@Node.0" destination="//@Node.1" trigger="pinReadReq" actions="[set_cur_isPinReading_to_true]"/>
  <Edge source="//@Node.0" destination="//@Node.2" trigger="depositReq" actions="[set_cur_isCashDepositing_to_true]"/>
  <Edge source="//@Node.0" destination="//@Node.3" trigger="captureCardReq" actions="[set_cur_isCaptuerCard_to_true]"/>
  <Edge source="//@Node.0" destination="//@Node.4" trigger="cardReadReq" actions="[set_cur_isCardReading_to_true]"/>
  <Edge source="//@Node.1" destination="//@Node.5" trigger="depositReq" actions="[set_cur_isCashDepositing_to_true]"/>
  <Edge source="//@Node.1" destination="//@Node.6" trigger="captureCardReq" actions="[set_cur_isCaptuerCard_to_true]"/>
  <Edge source="//@Node.1" destination="//@Node.7" trigger="cardReadReq" actions="[set_cur_isCardReading_to_true]"/>
  <Edge source="//@Node.2" destination="//@Node.5" trigger="pinReadReq" actions="[set_cur_isPinReading_to_true]"/>
  <Edge source="//@Node.2" destination="//@Node.8" trigger="captureCardReq" actions="[set_cur_isCaptuerCard_to_true]"/>
  <Edge source="//@Node.2" destination="//@Node.9" trigger="cardReadReq" actions="[set_cur_isCardReading_to_true]"/>
  <Edge source="//@Node.3" destination="//@Node.6" trigger="pinReadReq" actions="[set_cur_isPinReading_to_true]"/>
  <Edge source="//@Node.3" destination="//@Node.8" trigger="depositReq" actions="[set_cur_isCashDepositing_to_true]"/>
  <Edge source="//@Node.3" destination="//@Node.10" trigger="cardReadReq" actions="[set_cur_isCardReading_to_true]"/>
  <Edge source="//@Node.4" destination="//@Node.7" trigger="pinReadReq" actions="[set_cur_isPinReading_to_true]"/>
  <Edge source="//@Node.4" destination="//@Node.9" trigger="depositReq" actions="[set_cur_isCashDepositing_to_true]"/>
  <Edge source="//@Node.4" destination="//@Node.10" trigger="captureCardReq" actions="[set_cur_isCaptuerCard_to_true]"/>
  <Edge source="//@Node.5" destination="//@Node.11" trigger="captureCardReq" actions="[set_cur_isCaptuerCard_to_true]"/>
  <Edge source="//@Node.5" destination="//@Node.12" trigger="cardReadReq" actions="[set_cur_isCardReading_to_true]"/>
  <Edge source="//@Node.6" destination="//@Node.11" trigger="depositReq" actions="[set_cur_isCashDepositing_to_true]"/>
  <Edge source="//@Node.6" destination="//@Node.13" trigger="cardReadReq" actions="[set_cur_isCardReading_to_true]"/>
  <Edge source="//@Node.7" destination="//@Node.12" trigger="depositReq" actions="[set_cur_isCashDepositing_to_true]"/>
  <Edge source="//@Node.7" destination="//@Node.13" trigger="captureCardReq" actions="[set_cur_isCaptuerCard_to_true]"/>
  <Edge source="//@Node.8" destination="//@Node.11" trigger="pinReadReq" actions="[set_cur_isPinReading_to_true]"/>
  <Edge source="//@Node.8" destination="//@Node.14" trigger="cardReadReq" actions="[set_cur_isCardReading_to_true]"/>
  <Edge source="//@Node.9" destination="//@Node.12" trigger="pinReadReq" actions="[set_cur_isPinReading_to_true]"/>
  <Edge source="//@Node.9" destination="//@Node.14" trigger="captureCardReq" actions="[set_cur_isCaptuerCard_to_true]"/>
  <Edge source="//@Node.10" destination="//@Node.13" trigger="pinReadReq" actions="[set_cur_isPinReading_to_true]"/>
  <Edge source="//@Node.10" destination="//@Node.14" trigger="depositReq" actions="[set_cur_isCashDepositing_to_true]"/>
  <Edge source="//@Node.11" destination="//@Node.15" trigger="cardReadReq" actions="[set_cur_isCardReading_to_true]"/>
  <Edge source="//@Node.12" destination="//@Node.15" trigger="captureCardReq" actions="[set_cur_isCaptuerCard_to_true]"/>
  <Edge source="//@Node.13" destination="//@Node.15" trigger="depositReq" actions="[set_cur_isCashDepositing_to_true]"/>
  <Edge source="//@Node.14" destination="//@Node.15" trigger="pinReadReq" actions="[set_cur_isPinReading_to_true]"/>
</execTraces:ExecTraces>
